2025-11-28 20:35:24,671 [[32mINFO[0m] TradingAgent: ✅ Recall API Client initialized (SANDBOX)
2025-11-28 20:35:24,672 [[32mINFO[0m] TradingAgent: 🤖 Trading Agent initialized
2025-11-28 20:35:24,672 [[32mINFO[0m] TradingAgent: ================================================================================
2025-11-28 20:35:24,672 [[32mINFO[0m] TradingAgent: 🚀 ADVANCED PAPER TRADING AGENT - PRODUCTION READY 🚀
2025-11-28 20:35:24,672 [[32mINFO[0m] TradingAgent: ================================================================================
2025-11-28 20:35:24,672 [[32mINFO[0m] TradingAgent: 💾 No state file found. Starting fresh.
2025-11-28 20:35:28,567 [[32mINFO[0m] TradingAgent: ✅ Selected competition: Sandbox fake Competition
2025-11-28 20:35:28,567 [[32mINFO[0m] TradingAgent: ✅ Agent initialized with 0 tracked positions
2025-11-28 20:35:28,568 [[32mINFO[0m] TradingAgent: 
~~~~~~~~~~~~~~~~~~~~~~~~~~~~~~~~~~~~~~~~~~~~~~~~~~
2025-11-28 20:35:28,568 [[32mINFO[0m] TradingAgent: 🔄 Trading cycle: 2025-11-28T15:05:28.568355+00:00
2025-11-28 20:35:31,477 [[32mINFO[0m] TradingAgent: 📊 Fetched market data for 9 tokens
2025-11-28 20:35:31,478 [[32mINFO[0m] TradingAgent: ============================================================
2025-11-28 20:35:31,478 [[32mINFO[0m] TradingAgent: 💰 Portfolio Value: $30,101.92
2025-11-28 20:35:31,478 [[32mINFO[0m] TradingAgent: 📊 Positions: 5/8
2025-11-28 20:35:31,478 [[32mINFO[0m] TradingAgent: 📈 Daily Trades: 0/3
2025-11-28 20:35:31,479 [[32mINFO[0m] TradingAgent: ----------------------------------------
2025-11-28 20:35:31,479 [[32mINFO[0m] TradingAgent:   ⚪ WETH: $9.34 (+0.0%)
2025-11-28 20:35:31,479 [[32mINFO[0m] TradingAgent:   ⚪ WBTC: $3.64 (+0.0%)
2025-11-28 20:35:31,479 [[32mINFO[0m] TradingAgent: ============================================================
2025-11-28 20:35:31,480 [[32mINFO[0m] TradingAgent: 🎯 Found 2 opportunities
2025-11-28 20:35:31,480 [[32mINFO[0m] TradingAgent: 📤 BUY: USDC → BONK
2025-11-28 20:35:31,480 [[32mINFO[0m] TradingAgent:    Amount: 300.060612 USDC ($300.00)
2025-11-28 20:35:31,480 [[32mINFO[0m] TradingAgent:    Signal: MOMENTUM | Conviction: MEDIUM
2025-11-28 20:35:31,481 [[32mINFO[0m] TradingAgent:    Reason: MOMENTUM: +2.64% change, score=0.5
2025-11-28 20:35:33,046 [[31mERROR[0m] TradingAgent: API Error (400): {"success":false,"error":"Unable to determine price for tokens"}
2025-11-28 20:35:33,047 [[33mWARNING[0m] TradingAgent: ⚠️ Request failed (attempt 1/5): 400, message='Bad Request', url='https://api.sandbox.competitions.recall.network/api/trade/execute'. Retrying in 1.0s
2025-11-28 20:35:34,844 [[31mERROR[0m] TradingAgent: API Error (400): {"success":false,"error":"Unable to determine price for tokens"}
2025-11-28 20:35:34,844 [[33mWARNING[0m] TradingAgent: ⚠️ Request failed (attempt 2/5): 400, message='Bad Request', url='https://api.sandbox.competitions.recall.network/api/trade/execute'. Retrying in 2.0s
2025-11-28 20:35:37,658 [[31mERROR[0m] TradingAgent: API Error (400): {"success":false,"error":"Unable to determine price for tokens"}
2025-11-28 20:35:37,659 [[33mWARNING[0m] TradingAgent: ⚠️ Request failed (attempt 3/5): 400, message='Bad Request', url='https://api.sandbox.competitions.recall.network/api/trade/execute'. Retrying in 4.0s
2025-11-28 20:35:42,473 [[31mERROR[0m] TradingAgent: API Error (400): {"success":false,"error":"Unable to determine price for tokens"}
2025-11-28 20:35:42,473 [[33mWARNING[0m] TradingAgent: ⚠️ Request failed (attempt 4/5): 400, message='Bad Request', url='https://api.sandbox.competitions.recall.network/api/trade/execute'. Retrying in 8.0s
2025-11-28 20:35:51,287 [[31mERROR[0m] TradingAgent: API Error (400): {"success":false,"error":"Unable to determine price for tokens"}
2025-11-28 20:35:51,288 [[31mERROR[0m] TradingAgent: ❌ Trade execution error: 400, message='Bad Request', url='https://api.sandbox.competitions.recall.network/api/trade/execute'
2025-11-28 20:39:45,289 [[32mINFO[0m] TradingAgent: 🛑 Initiating shutdown...
2025-11-28 20:39:45,306 [[32mINFO[0m] TradingAgent: ✅ Shutdown complete
2025-11-28 20:39:58,767 [[32mINFO[0m] TradingAgent: ✅ Recall API Client initialized (PRODUCTION)
2025-11-28 20:39:58,767 [[32mINFO[0m] TradingAgent: 🤖 Trading Agent initialized
2025-11-28 20:39:58,767 [[32mINFO[0m] TradingAgent: ================================================================================
2025-11-28 20:39:58,767 [[32mINFO[0m] TradingAgent: 🚀 ADVANCED PAPER TRADING AGENT - PRODUCTION READY 🚀
2025-11-28 20:39:58,767 [[32mINFO[0m] TradingAgent: ================================================================================
2025-11-28 20:39:58,776 [[33mWARNING[0m] TradingAgent: ⚠️ Checksum mismatch in agent_state.json
2025-11-28 20:39:58,776 [[32mINFO[0m] TradingAgent: 💾 No state file found. Starting fresh.
2025-11-28 20:40:00,921 [[31mERROR[0m] TradingAgent: API Error (401): {"success":false,"error":"Invalid API key. This key may have been reset or is no longer associated with an active account. Please ensure you're using your most recent API key."}
2025-11-28 20:40:00,922 [[33mWARNING[0m] TradingAgent: ⚠️ Request failed (attempt 1/5): 401, message='Unauthorized', url='https://api.competitions.recall.network/api/user/competitions'. Retrying in 1.0s
2025-11-28 20:40:02,473 [[31mERROR[0m] TradingAgent: API Error (401): {"success":false,"error":"Invalid API key. This key may have been reset or is no longer associated with an active account. Please ensure you're using your most recent API key."}
2025-11-28 20:40:02,473 [[33mWARNING[0m] TradingAgent: ⚠️ Request failed (attempt 2/5): 401, message='Unauthorized', url='https://api.competitions.recall.network/api/user/competitions'. Retrying in 2.0s
2025-11-28 20:40:04,826 [[31mERROR[0m] TradingAgent: API Error (401): {"success":false,"error":"Invalid API key. This key may have been reset or is no longer associated with an active account. Please ensure you're using your most recent API key."}
2025-11-28 20:40:04,827 [[33mWARNING[0m] TradingAgent: ⚠️ Request failed (attempt 3/5): 401, message='Unauthorized', url='https://api.competitions.recall.network/api/user/competitions'. Retrying in 4.0s
2025-11-28 20:41:03,035 [[32mINFO[0m] TradingAgent: ✅ Recall API Client initialized (SANDBOX)
2025-11-28 20:41:03,035 [[32mINFO[0m] TradingAgent: 🤖 Trading Agent initialized
2025-11-28 20:41:03,035 [[32mINFO[0m] TradingAgent: ================================================================================
2025-11-28 20:41:03,035 [[32mINFO[0m] TradingAgent: 🚀 ADVANCED PAPER TRADING AGENT - PRODUCTION READY 🚀
2025-11-28 20:41:03,036 [[32mINFO[0m] TradingAgent: ================================================================================
2025-11-28 20:41:03,036 [[33mWARNING[0m] TradingAgent: ⚠️ Checksum mismatch in agent_state.json
2025-11-28 20:41:03,036 [[32mINFO[0m] TradingAgent: 💾 No state file found. Starting fresh.
2025-11-28 20:41:06,829 [[32mINFO[0m] TradingAgent: ✅ Selected competition: Sandbox fake Competition
2025-11-28 20:41:06,830 [[32mINFO[0m] TradingAgent: ✅ Agent initialized with 0 tracked positions
2025-11-28 20:41:06,830 [[32mINFO[0m] TradingAgent: 
~~~~~~~~~~~~~~~~~~~~~~~~~~~~~~~~~~~~~~~~~~~~~~~~~~
2025-11-28 20:41:06,830 [[32mINFO[0m] TradingAgent: 🔄 Trading cycle: 2025-11-28T15:11:06.830489+00:00
2025-11-28 20:41:09,806 [[32mINFO[0m] TradingAgent: 📊 Fetched market data for 9 tokens
2025-11-28 20:41:09,807 [[32mINFO[0m] TradingAgent: ============================================================
2025-11-28 20:41:09,807 [[32mINFO[0m] TradingAgent: 💰 Portfolio Value: $30,101.82
2025-11-28 20:41:09,808 [[32mINFO[0m] TradingAgent: 📊 Positions: 5/8
2025-11-28 20:41:09,808 [[32mINFO[0m] TradingAgent: 📈 Daily Trades: 0/3
2025-11-28 20:41:09,808 [[32mINFO[0m] TradingAgent: ----------------------------------------
2025-11-28 20:41:09,809 [[32mINFO[0m] TradingAgent:   ⚪ WBTC: $3.63 (+0.0%)
2025-11-28 20:41:09,809 [[32mINFO[0m] TradingAgent:   ⚪ WETH: $2.33 (+0.0%)
2025-11-28 20:41:09,809 [[32mINFO[0m] TradingAgent: ============================================================
2025-11-28 20:41:09,810 [[32mINFO[0m] TradingAgent: 🎯 Found 2 opportunities
2025-11-28 20:41:09,813 [[32mINFO[0m] TradingAgent: 📤 BUY: USDC → BONK
2025-11-28 20:41:09,814 [[32mINFO[0m] TradingAgent:    Amount: 300.061813 USDC ($300.00)
2025-11-28 20:41:09,815 [[32mINFO[0m] TradingAgent:    Signal: MOMENTUM | Conviction: MEDIUM
2025-11-28 20:41:09,816 [[32mINFO[0m] TradingAgent:    Reason: MOMENTUM: +2.74% change, score=0.5
2025-11-28 20:41:12,018 [[31mERROR[0m] TradingAgent: API Error (400): {"success":false,"error":"Unable to determine price for tokens"}
2025-11-28 20:41:12,018 [[33mWARNING[0m] TradingAgent: ⚠️ Request failed (attempt 1/5): 400, message='Bad Request', url='https://api.sandbox.competitions.recall.network/api/trade/execute'. Retrying in 1.0s
2025-11-28 20:41:13,833 [[31mERROR[0m] TradingAgent: API Error (400): {"success":false,"error":"Unable to determine price for tokens"}
2025-11-28 20:41:13,833 [[33mWARNING[0m] TradingAgent: ⚠️ Request failed (attempt 2/5): 400, message='Bad Request', url='https://api.sandbox.competitions.recall.network/api/trade/execute'. Retrying in 2.0s
2025-11-28 20:41:17,673 [[31mERROR[0m] TradingAgent: API Error (400): {"success":false,"error":"Unable to determine price for tokens"}
2025-11-28 20:41:17,674 [[33mWARNING[0m] TradingAgent: ⚠️ Request failed (attempt 3/5): 400, message='Bad Request', url='https://api.sandbox.competitions.recall.network/api/trade/execute'. Retrying in 4.0s
2025-11-28 20:41:22,531 [[31mERROR[0m] TradingAgent: API Error (400): {"success":false,"error":"Unable to determine price for tokens"}
2025-11-28 20:41:22,532 [[33mWARNING[0m] TradingAgent: ⚠️ Request failed (attempt 4/5): 400, message='Bad Request', url='https://api.sandbox.competitions.recall.network/api/trade/execute'. Retrying in 8.0s
2025-11-28 20:41:31,363 [[31mERROR[0m] TradingAgent: API Error (400): {"success":false,"error":"Unable to determine price for tokens"}
2025-11-28 20:41:31,363 [[31mERROR[0m] TradingAgent: ❌ Trade execution error: 400, message='Bad Request', url='https://api.sandbox.competitions.recall.network/api/trade/execute'
2025-11-28 20:41:53,476 [[32mINFO[0m] TradingAgent: 🛑 Initiating shutdown...
2025-11-28 20:41:53,487 [[32mINFO[0m] TradingAgent: ✅ Shutdown complete
2025-11-28 20:42:09,121 [[32mINFO[0m] TradingAgent: ✅ Recall API Client initialized (SANDBOX)
2025-11-28 20:42:09,121 [[32mINFO[0m] TradingAgent: 🤖 Trading Agent initialized
2025-11-28 20:42:09,121 [[32mINFO[0m] TradingAgent: ================================================================================
2025-11-28 20:42:09,121 [[32mINFO[0m] TradingAgent: 🚀 ADVANCED PAPER TRADING AGENT - PRODUCTION READY 🚀
2025-11-28 20:42:09,121 [[32mINFO[0m] TradingAgent: ================================================================================
2025-11-28 20:42:09,130 [[33mWARNING[0m] TradingAgent: ⚠️ Checksum mismatch in agent_state.json
2025-11-28 20:42:09,131 [[33mWARNING[0m] TradingAgent: ⚠️ Checksum mismatch in agent_state.json.backup.0
2025-11-28 20:42:09,131 [[32mINFO[0m] TradingAgent: 💾 No state file found. Starting fresh.
2025-11-28 20:42:12,886 [[32mINFO[0m] TradingAgent: ✅ Selected competition: Sandbox fake Competition
2025-11-28 20:42:12,886 [[32mINFO[0m] TradingAgent: ✅ Agent initialized with 0 tracked positions
2025-11-28 20:42:12,887 [[32mINFO[0m] TradingAgent: 
~~~~~~~~~~~~~~~~~~~~~~~~~~~~~~~~~~~~~~~~~~~~~~~~~~
2025-11-28 20:42:12,887 [[32mINFO[0m] TradingAgent: 🔄 Trading cycle: 2025-11-28T15:12:12.887510+00:00
2025-11-28 20:42:16,029 [[32mINFO[0m] TradingAgent: 📊 Fetched market data for 9 tokens
2025-11-28 20:42:16,030 [[32mINFO[0m] TradingAgent: ============================================================
2025-11-28 20:42:16,030 [[32mINFO[0m] TradingAgent: 💰 Portfolio Value: $30,102.21
2025-11-28 20:42:16,030 [[32mINFO[0m] TradingAgent: 📊 Positions: 5/8
2025-11-28 20:42:16,031 [[32mINFO[0m] TradingAgent: 📈 Daily Trades: 0/3
2025-11-28 20:42:16,031 [[32mINFO[0m] TradingAgent: ----------------------------------------
2025-11-28 20:42:16,031 [[32mINFO[0m] TradingAgent:   ⚪ WBTC: $3.63 (+0.0%)
2025-11-28 20:42:16,032 [[32mINFO[0m] TradingAgent:   ⚪ WETH: $2.33 (+0.0%)
2025-11-28 20:42:16,032 [[32mINFO[0m] TradingAgent: ============================================================
2025-11-28 20:42:16,032 [[32mINFO[0m] TradingAgent: 🎯 Found 3 opportunities
2025-11-28 20:42:16,033 [[32mINFO[0m] TradingAgent: 📤 BUY: USDC → FLOKI
2025-11-28 20:42:16,033 [[32mINFO[0m] TradingAgent:    Amount: 300.057011 USDC ($300.00)
2025-11-28 20:42:16,033 [[32mINFO[0m] TradingAgent:    Signal: MOMENTUM | Conviction: MEDIUM
2025-11-28 20:42:16,034 [[32mINFO[0m] TradingAgent:    Reason: MOMENTUM: +3.13% change, score=0.6
2025-11-28 20:42:17,627 [[31mERROR[0m] TradingAgent: API Error (400): {"success":false,"error":"Unable to determine price for tokens"}
2025-11-28 20:42:17,628 [[33mWARNING[0m] TradingAgent: ⚠️ Request failed (attempt 1/5): 400, message='Bad Request', url='https://api.sandbox.competitions.recall.network/api/trade/execute'. Retrying in 1.0s
2025-11-28 20:42:19,435 [[31mERROR[0m] TradingAgent: API Error (400): {"success":false,"error":"Unable to determine price for tokens"}
2025-11-28 20:42:19,436 [[33mWARNING[0m] TradingAgent: ⚠️ Request failed (attempt 2/5): 400, message='Bad Request', url='https://api.sandbox.competitions.recall.network/api/trade/execute'. Retrying in 2.0s
2025-11-28 20:42:22,249 [[31mERROR[0m] TradingAgent: API Error (400): {"success":false,"error":"Unable to determine price for tokens"}
2025-11-28 20:42:22,250 [[33mWARNING[0m] TradingAgent: ⚠️ Request failed (attempt 3/5): 400, message='Bad Request', url='https://api.sandbox.competitions.recall.network/api/trade/execute'. Retrying in 4.0s
2025-11-28 20:42:27,063 [[31mERROR[0m] TradingAgent: API Error (400): {"success":false,"error":"Unable to determine price for tokens"}
2025-11-28 20:42:27,063 [[33mWARNING[0m] TradingAgent: ⚠️ Request failed (attempt 4/5): 400, message='Bad Request', url='https://api.sandbox.competitions.recall.network/api/trade/execute'. Retrying in 8.0s
2025-11-28 20:42:27,898 [[32mINFO[0m] TradingAgent: 🛑 Initiating shutdown...
2025-11-28 20:42:27,907 [[32mINFO[0m] TradingAgent: ✅ Shutdown complete
2025-11-28 20:44:15,470 [[32mINFO[0m] TradingAgent: ✅ Recall API Client initialized (SANDBOX)
2025-11-28 20:44:15,470 [[32mINFO[0m] TradingAgent: 🤖 Trading Agent initialized
2025-11-28 20:44:15,470 [[32mINFO[0m] TradingAgent: ================================================================================
2025-11-28 20:44:15,470 [[32mINFO[0m] TradingAgent: 🚀 ADVANCED PAPER TRADING AGENT - PRODUCTION READY 🚀
2025-11-28 20:44:15,471 [[32mINFO[0m] TradingAgent: ================================================================================
2025-11-28 20:44:15,484 [[33mWARNING[0m] TradingAgent: ⚠️ Checksum mismatch in agent_state.json
2025-11-28 20:44:15,485 [[33mWARNING[0m] TradingAgent: ⚠️ Checksum mismatch in agent_state.json.backup.0
2025-11-28 20:44:15,485 [[33mWARNING[0m] TradingAgent: ⚠️ Checksum mismatch in agent_state.json.backup.1
2025-11-28 20:44:15,485 [[32mINFO[0m] TradingAgent: 💾 No state file found. Starting fresh.
2025-11-28 20:44:18,642 [[32mINFO[0m] TradingAgent: ✅ Selected competition: Sandbox fake Competition
2025-11-28 20:44:18,643 [[32mINFO[0m] TradingAgent: ✅ Agent initialized with 0 tracked positions
2025-11-28 20:44:18,643 [[32mINFO[0m] TradingAgent: 
~~~~~~~~~~~~~~~~~~~~~~~~~~~~~~~~~~~~~~~~~~~~~~~~~~
2025-11-28 20:44:18,643 [[32mINFO[0m] TradingAgent: 🔄 Trading cycle: 2025-11-28T15:14:18.643432+00:00
2025-11-28 20:44:21,490 [[32mINFO[0m] TradingAgent: 📊 Fetched market data for 9 tokens
2025-11-28 20:44:21,491 [[32mINFO[0m] TradingAgent: ============================================================
2025-11-28 20:44:21,491 [[32mINFO[0m] TradingAgent: 💰 Portfolio Value: $30,099.84
2025-11-28 20:44:21,491 [[32mINFO[0m] TradingAgent: 📊 Positions: 5/8
2025-11-28 20:44:21,491 [[32mINFO[0m] TradingAgent: 📈 Daily Trades: 0/3
2025-11-28 20:44:21,492 [[32mINFO[0m] TradingAgent: ----------------------------------------
2025-11-28 20:44:21,492 [[32mINFO[0m] TradingAgent:   ⚪ WBTC: $3.63 (+0.0%)
2025-11-28 20:44:21,492 [[32mINFO[0m] TradingAgent:   ⚪ WETH: $1.17 (+0.0%)
2025-11-28 20:44:21,493 [[32mINFO[0m] TradingAgent: ============================================================
2025-11-28 20:44:21,493 [[32mINFO[0m] TradingAgent: 🎯 Found 3 opportunities
2025-11-28 20:44:21,493 [[32mINFO[0m] TradingAgent: 📤 BUY: USDC → FLOKI
2025-11-28 20:44:21,495 [[32mINFO[0m] TradingAgent:    Amount: 300.086425 USDC ($300.00)
2025-11-28 20:44:21,495 [[32mINFO[0m] TradingAgent:    Signal: MOMENTUM | Conviction: MEDIUM
2025-11-28 20:44:21,495 [[32mINFO[0m] TradingAgent:    Reason: MOMENTUM: +3.28% change, score=0.6
2025-11-28 20:44:23,288 [[31mERROR[0m] TradingAgent: API Error (400): {"success":false,"error":"Unable to determine price for tokens"}
2025-11-28 20:44:23,289 [[33mWARNING[0m] TradingAgent: ⚠️ Request failed (attempt 1/5): 400, message='Bad Request', url='https://api.sandbox.competitions.recall.network/api/trade/execute'. Retrying in 1.0s
2025-11-28 20:44:25,276 [[31mERROR[0m] TradingAgent: API Error (400): {"success":false,"error":"Unable to determine price for tokens"}
2025-11-28 20:44:25,276 [[33mWARNING[0m] TradingAgent: ⚠️ Request failed (attempt 2/5): 400, message='Bad Request', url='https://api.sandbox.competitions.recall.network/api/trade/execute'. Retrying in 2.0s
2025-11-28 20:44:28,090 [[31mERROR[0m] TradingAgent: API Error (400): {"success":false,"error":"Unable to determine price for tokens"}
2025-11-28 20:44:28,091 [[33mWARNING[0m] TradingAgent: ⚠️ Request failed (attempt 3/5): 400, message='Bad Request', url='https://api.sandbox.competitions.recall.network/api/trade/execute'. Retrying in 4.0s
2025-11-28 20:44:32,945 [[31mERROR[0m] TradingAgent: API Error (400): {"success":false,"error":"Unable to determine price for tokens"}
2025-11-28 20:44:32,946 [[33mWARNING[0m] TradingAgent: ⚠️ Request failed (attempt 4/5): 400, message='Bad Request', url='https://api.sandbox.competitions.recall.network/api/trade/execute'. Retrying in 8.0s
2025-11-28 20:44:41,779 [[31mERROR[0m] TradingAgent: API Error (400): {"success":false,"error":"Unable to determine price for tokens"}
2025-11-28 20:44:41,780 [[31mERROR[0m] TradingAgent: ❌ Trade execution error: 400, message='Bad Request', url='https://api.sandbox.competitions.recall.network/api/trade/execute'
2025-11-28 20:47:21,557 [[32mINFO[0m] TradingAgent: 🛑 Initiating shutdown...
2025-11-28 20:47:21,578 [[32mINFO[0m] TradingAgent: ✅ Shutdown complete
2025-11-28 20:47:37,143 [[32mINFO[0m] TradingAgent: ✅ Recall API Client initialized (SANDBOX)
2025-11-28 20:47:37,143 [[32mINFO[0m] TradingAgent: 🤖 Trading Agent initialized
2025-11-28 20:47:37,143 [[32mINFO[0m] TradingAgent: ================================================================================
2025-11-28 20:47:37,143 [[32mINFO[0m] TradingAgent: 🚀 ADVANCED PAPER TRADING AGENT - PRODUCTION READY 🚀
2025-11-28 20:47:37,143 [[32mINFO[0m] TradingAgent: ================================================================================
2025-11-28 20:47:37,154 [[33mWARNING[0m] TradingAgent: ⚠️ Checksum mismatch in agent_state.json
2025-11-28 20:47:37,155 [[33mWARNING[0m] TradingAgent: ⚠️ Checksum mismatch in agent_state.json.backup.0
2025-11-28 20:47:37,156 [[33mWARNING[0m] TradingAgent: ⚠️ Checksum mismatch in agent_state.json.backup.1
2025-11-28 20:47:37,156 [[33mWARNING[0m] TradingAgent: ⚠️ Checksum mismatch in agent_state.json.backup.2
2025-11-28 20:47:37,156 [[32mINFO[0m] TradingAgent: 💾 No state file found. Starting fresh.
2025-11-28 20:47:40,901 [[32mINFO[0m] TradingAgent: ✅ Selected competition: Sandbox fake Competition
2025-11-28 20:47:40,901 [[32mINFO[0m] TradingAgent: ✅ Agent initialized with 0 tracked positions
2025-11-28 20:47:40,902 [[32mINFO[0m] TradingAgent: 
~~~~~~~~~~~~~~~~~~~~~~~~~~~~~~~~~~~~~~~~~~~~~~~~~~
2025-11-28 20:47:40,902 [[32mINFO[0m] TradingAgent: 🔄 Trading cycle: 2025-11-28T15:17:40.902349+00:00
2025-11-28 20:47:44,373 [[32mINFO[0m] TradingAgent: 📊 Fetched market data for 9 tokens
2025-11-28 20:47:44,374 [[32mINFO[0m] TradingAgent: ============================================================
2025-11-28 20:47:44,374 [[32mINFO[0m] TradingAgent: 💰 Portfolio Value: $30,101.74
2025-11-28 20:47:44,375 [[32mINFO[0m] TradingAgent: 📊 Positions: 5/8
2025-11-28 20:47:44,375 [[32mINFO[0m] TradingAgent: 📈 Daily Trades: 0/3
2025-11-28 20:47:44,375 [[32mINFO[0m] TradingAgent: ----------------------------------------
2025-11-28 20:47:44,375 [[32mINFO[0m] TradingAgent:   ⚪ WBTC: $3.64 (+0.0%)
2025-11-28 20:47:44,376 [[32mINFO[0m] TradingAgent: ============================================================
2025-11-28 20:47:44,376 [[32mINFO[0m] TradingAgent: 🎯 Found 3 opportunities
2025-11-28 20:47:44,377 [[32mINFO[0m] TradingAgent: 📤 BUY: USDC → FLOKI
2025-11-28 20:47:44,377 [[32mINFO[0m] TradingAgent:    Amount: 300.063013 USDC ($300.00)
2025-11-28 20:47:44,377 [[32mINFO[0m] TradingAgent:    Signal: MOMENTUM | Conviction: MEDIUM
2025-11-28 20:47:44,378 [[32mINFO[0m] TradingAgent:    Reason: MOMENTUM: +3.36% change, score=0.7
2025-11-28 20:47:45,928 [[31mERROR[0m] TradingAgent: API Error (400): {"success":false,"error":"Unable to determine price for tokens"}
2025-11-28 20:47:45,929 [[33mWARNING[0m] TradingAgent: ⚠️ Request failed (attempt 1/5): 400, message='Bad Request', url='https://api.sandbox.competitions.recall.network/api/trade/execute'. Retrying in 1.0s
2025-11-28 20:47:47,779 [[31mERROR[0m] TradingAgent: API Error (400): {"success":false,"error":"Unable to determine price for tokens"}
2025-11-28 20:47:47,781 [[33mWARNING[0m] TradingAgent: ⚠️ Request failed (attempt 2/5): 400, message='Bad Request', url='https://api.sandbox.competitions.recall.network/api/trade/execute'. Retrying in 2.0s
2025-11-28 20:47:50,582 [[31mERROR[0m] TradingAgent: API Error (400): {"success":false,"error":"Unable to determine price for tokens"}
2025-11-28 20:47:50,583 [[33mWARNING[0m] TradingAgent: ⚠️ Request failed (attempt 3/5): 400, message='Bad Request', url='https://api.sandbox.competitions.recall.network/api/trade/execute'. Retrying in 4.0s
2025-11-28 20:47:55,384 [[31mERROR[0m] TradingAgent: API Error (400): {"success":false,"error":"Unable to determine price for tokens"}
2025-11-28 20:47:55,385 [[33mWARNING[0m] TradingAgent: ⚠️ Request failed (attempt 4/5): 400, message='Bad Request', url='https://api.sandbox.competitions.recall.network/api/trade/execute'. Retrying in 8.0s
2025-11-28 20:48:04,188 [[31mERROR[0m] TradingAgent: API Error (400): {"success":false,"error":"Unable to determine price for tokens"}
2025-11-28 20:48:04,188 [[31mERROR[0m] TradingAgent: ❌ Trade execution error: 400, message='Bad Request', url='https://api.sandbox.competitions.recall.network/api/trade/execute'
2025-11-28 20:51:58,071 [[32mINFO[0m] TradingAgent: 🛑 Initiating shutdown...
2025-11-28 20:51:58,090 [[32mINFO[0m] TradingAgent: ✅ Shutdown complete
2025-11-28 20:52:01,682 [[32mINFO[0m] TradingAgent: ✅ Recall API Client initialized (SANDBOX)
2025-11-28 20:52:01,682 [[32mINFO[0m] TradingAgent: 🤖 Trading Agent initialized
2025-11-28 20:52:01,682 [[32mINFO[0m] TradingAgent: ================================================================================
2025-11-28 20:52:01,682 [[32mINFO[0m] TradingAgent: 🚀 ADVANCED PAPER TRADING AGENT - PRODUCTION READY 🚀
2025-11-28 20:52:01,682 [[32mINFO[0m] TradingAgent: ================================================================================
2025-11-28 20:52:01,694 [[33mWARNING[0m] TradingAgent: ⚠️ Checksum mismatch in agent_state.json
2025-11-28 20:52:01,696 [[33mWARNING[0m] TradingAgent: ⚠️ Checksum mismatch in agent_state.json.backup.0
2025-11-28 20:52:01,697 [[33mWARNING[0m] TradingAgent: ⚠️ Checksum mismatch in agent_state.json.backup.1
2025-11-28 20:52:01,697 [[33mWARNING[0m] TradingAgent: ⚠️ Checksum mismatch in agent_state.json.backup.2
2025-11-28 20:52:01,698 [[33mWARNING[0m] TradingAgent: ⚠️ Checksum mismatch in agent_state.json.backup.3
2025-11-28 20:52:01,698 [[32mINFO[0m] TradingAgent: 💾 No state file found. Starting fresh.
2025-11-28 20:52:05,434 [[32mINFO[0m] TradingAgent: ✅ Selected competition: Sandbox fake Competition
2025-11-28 20:52:05,435 [[32mINFO[0m] TradingAgent: ✅ Agent initialized with 0 tracked positions
2025-11-28 20:52:05,435 [[32mINFO[0m] TradingAgent: 
~~~~~~~~~~~~~~~~~~~~~~~~~~~~~~~~~~~~~~~~~~~~~~~~~~
2025-11-28 20:52:05,435 [[32mINFO[0m] TradingAgent: 🔄 Trading cycle: 2025-11-28T15:22:05.435809+00:00
2025-11-28 20:52:09,117 [[32mINFO[0m] TradingAgent: 📊 Fetched market data for 9 tokens
2025-11-28 20:52:09,118 [[32mINFO[0m] TradingAgent: ============================================================
2025-11-28 20:52:09,118 [[32mINFO[0m] TradingAgent: 💰 Portfolio Value: $30,101.92
2025-11-28 20:52:09,119 [[32mINFO[0m] TradingAgent: 📊 Positions: 5/8
2025-11-28 20:52:09,119 [[32mINFO[0m] TradingAgent: 📈 Daily Trades: 0/3
2025-11-28 20:52:09,120 [[32mINFO[0m] TradingAgent: ----------------------------------------
2025-11-28 20:52:09,120 [[32mINFO[0m] TradingAgent:   ⚪ WBTC: $3.65 (+0.0%)
2025-11-28 20:52:09,120 [[32mINFO[0m] TradingAgent: ============================================================
2025-11-28 20:52:09,121 [[32mINFO[0m] TradingAgent: 🎯 Found 3 opportunities
2025-11-28 20:52:09,121 [[32mINFO[0m] TradingAgent: 📤 BUY: USDC → FLOKI
2025-11-28 20:52:09,121 [[32mINFO[0m] TradingAgent:    Amount: 300.060912 USDC ($300.00)
2025-11-28 20:52:09,122 [[32mINFO[0m] TradingAgent:    Signal: MOMENTUM | Conviction: MEDIUM
2025-11-28 20:52:09,122 [[32mINFO[0m] TradingAgent:    Reason: MOMENTUM: +3.63% change, score=0.7
2025-11-28 20:52:11,169 [[31mERROR[0m] TradingAgent: API Error (400): {"success":false,"error":"Unable to determine price for tokens"}
2025-11-28 20:52:11,169 [[33mWARNING[0m] TradingAgent: ⚠️ Request failed (attempt 1/5): 400, message='Bad Request', url='https://api.sandbox.competitions.recall.network/api/trade/execute'. Retrying in 1.0s
2025-11-28 20:52:12,966 [[31mERROR[0m] TradingAgent: API Error (400): {"success":false,"error":"Unable to determine price for tokens"}
2025-11-28 20:52:12,966 [[33mWARNING[0m] TradingAgent: ⚠️ Request failed (attempt 2/5): 400, message='Bad Request', url='https://api.sandbox.competitions.recall.network/api/trade/execute'. Retrying in 2.0s
2025-11-28 20:52:15,873 [[31mERROR[0m] TradingAgent: API Error (400): {"success":false,"error":"Unable to determine price for tokens"}
2025-11-28 20:52:15,874 [[33mWARNING[0m] TradingAgent: ⚠️ Request failed (attempt 3/5): 400, message='Bad Request', url='https://api.sandbox.competitions.recall.network/api/trade/execute'. Retrying in 4.0s
2025-11-28 20:52:20,691 [[31mERROR[0m] TradingAgent: API Error (400): {"success":false,"error":"Unable to determine price for tokens"}
2025-11-28 20:52:20,691 [[33mWARNING[0m] TradingAgent: ⚠️ Request failed (attempt 4/5): 400, message='Bad Request', url='https://api.sandbox.competitions.recall.network/api/trade/execute'. Retrying in 8.0s
2025-11-28 20:52:29,495 [[31mERROR[0m] TradingAgent: API Error (400): {"success":false,"error":"Unable to determine price for tokens"}
2025-11-28 20:52:29,495 [[31mERROR[0m] TradingAgent: ❌ Trade execution error: 400, message='Bad Request', url='https://api.sandbox.competitions.recall.network/api/trade/execute'
2025-11-28 20:53:41,373 [[32mINFO[0m] TradingAgent: 🛑 Initiating shutdown...
2025-11-28 20:53:41,396 [[32mINFO[0m] TradingAgent: ✅ Shutdown complete
2025-11-28 20:53:45,753 [[32mINFO[0m] TradingAgent: ✅ Recall API Client initialized (SANDBOX)
2025-11-28 20:53:45,753 [[32mINFO[0m] TradingAgent: 🤖 Trading Agent initialized
2025-11-28 20:53:45,753 [[32mINFO[0m] TradingAgent: ================================================================================
2025-11-28 20:53:45,753 [[32mINFO[0m] TradingAgent: 🚀 ADVANCED PAPER TRADING AGENT - PRODUCTION READY 🚀
2025-11-28 20:53:45,753 [[32mINFO[0m] TradingAgent: ================================================================================
2025-11-28 20:53:45,762 [[33mWARNING[0m] TradingAgent: ⚠️ Checksum mismatch in agent_state.json
2025-11-28 20:53:45,763 [[33mWARNING[0m] TradingAgent: ⚠️ Checksum mismatch in agent_state.json.backup.0
2025-11-28 20:53:45,763 [[33mWARNING[0m] TradingAgent: ⚠️ Checksum mismatch in agent_state.json.backup.1
2025-11-28 20:53:45,763 [[33mWARNING[0m] TradingAgent: ⚠️ Checksum mismatch in agent_state.json.backup.2
2025-11-28 20:53:45,763 [[33mWARNING[0m] TradingAgent: ⚠️ Checksum mismatch in agent_state.json.backup.3
2025-11-28 20:53:45,764 [[33mWARNING[0m] TradingAgent: ⚠️ Checksum mismatch in agent_state.json.backup.4
2025-11-28 20:53:45,764 [[32mINFO[0m] TradingAgent: 💾 No state file found. Starting fresh.
2025-11-28 20:53:49,657 [[32mINFO[0m] TradingAgent: ✅ Selected competition: Sandbox fake Competition
2025-11-28 20:53:49,658 [[32mINFO[0m] TradingAgent: ✅ Agent initialized with 0 tracked positions
2025-11-28 20:53:49,658 [[32mINFO[0m] TradingAgent: 
~~~~~~~~~~~~~~~~~~~~~~~~~~~~~~~~~~~~~~~~~~~~~~~~~~
2025-11-28 20:53:49,658 [[32mINFO[0m] TradingAgent: 🔄 Trading cycle: 2025-11-28T15:23:49.658709+00:00
2025-11-28 20:53:52,555 [[32mINFO[0m] TradingAgent: 📊 Fetched market data for 9 tokens
2025-11-28 20:53:52,555 [[32mINFO[0m] TradingAgent: ============================================================
2025-11-28 20:53:52,555 [[32mINFO[0m] TradingAgent: 💰 Portfolio Value: $30,102.02
2025-11-28 20:53:52,556 [[32mINFO[0m] TradingAgent: 📊 Positions: 5/8
2025-11-28 20:53:52,556 [[32mINFO[0m] TradingAgent: 📈 Daily Trades: 0/3
2025-11-28 20:53:52,556 [[32mINFO[0m] TradingAgent: ----------------------------------------
2025-11-28 20:53:52,556 [[32mINFO[0m] TradingAgent:   ⚪ WBTC: $3.65 (+0.0%)
2025-11-28 20:53:52,557 [[32mINFO[0m] TradingAgent: ============================================================
2025-11-28 20:53:52,557 [[32mINFO[0m] TradingAgent: 🎯 Found 3 opportunities
2025-11-28 20:53:52,557 [[32mINFO[0m] TradingAgent: 📤 BUY: USDC → FLOKI
2025-11-28 20:53:52,558 [[32mINFO[0m] TradingAgent:    Amount: 450.089568 USDC ($450.00)
2025-11-28 20:53:52,558 [[32mINFO[0m] TradingAgent:    Signal: MOMENTUM | Conviction: HIGH
2025-11-28 20:53:52,558 [[32mINFO[0m] TradingAgent:    Reason: MOMENTUM: +4.15% change, score=1.0
2025-11-28 20:53:54,122 [[31mERROR[0m] TradingAgent: API Error (400): {"success":false,"error":"Unable to determine price for tokens"}
2025-11-28 20:53:54,122 [[33mWARNING[0m] TradingAgent: ⚠️ Request failed (attempt 1/5): 400, message='Bad Request', url='https://api.sandbox.competitions.recall.network/api/trade/execute'. Retrying in 1.0s
2025-11-28 20:53:55,963 [[31mERROR[0m] TradingAgent: API Error (400): {"success":false,"error":"Unable to determine price for tokens"}
2025-11-28 20:53:55,964 [[33mWARNING[0m] TradingAgent: ⚠️ Request failed (attempt 2/5): 400, message='Bad Request', url='https://api.sandbox.competitions.recall.network/api/trade/execute'. Retrying in 2.0s
2025-11-28 20:53:57,967 [[32mINFO[0m] TradingAgent: 🛑 Initiating shutdown...
2025-11-28 20:53:57,991 [[32mINFO[0m] TradingAgent: ✅ Shutdown complete
2025-11-28 20:56:59,957 [[32mINFO[0m] TradingAgent: ✅ Recall API Client initialized (SANDBOX)
2025-11-28 20:56:59,957 [[32mINFO[0m] TradingAgent: 🤖 Trading Agent initialized
2025-11-28 20:56:59,957 [[32mINFO[0m] TradingAgent: ================================================================================
2025-11-28 20:56:59,958 [[32mINFO[0m] TradingAgent: 🚀 ADVANCED PAPER TRADING AGENT - PRODUCTION READY 🚀
2025-11-28 20:56:59,958 [[32mINFO[0m] TradingAgent: ================================================================================
2025-11-28 20:56:59,965 [[33mWARNING[0m] TradingAgent: ⚠️ Checksum mismatch in agent_state.json
2025-11-28 20:56:59,967 [[33mWARNING[0m] TradingAgent: ⚠️ Checksum mismatch in agent_state.json.backup.0
2025-11-28 20:56:59,968 [[33mWARNING[0m] TradingAgent: ⚠️ Checksum mismatch in agent_state.json.backup.1
2025-11-28 20:56:59,968 [[33mWARNING[0m] TradingAgent: ⚠️ Checksum mismatch in agent_state.json.backup.2
2025-11-28 20:56:59,968 [[33mWARNING[0m] TradingAgent: ⚠️ Checksum mismatch in agent_state.json.backup.3
2025-11-28 20:56:59,969 [[33mWARNING[0m] TradingAgent: ⚠️ Checksum mismatch in agent_state.json.backup.4
2025-11-28 20:56:59,969 [[32mINFO[0m] TradingAgent: 💾 No state file found. Starting fresh.
2025-11-28 20:57:03,647 [[32mINFO[0m] TradingAgent: ✅ Selected competition: Sandbox fake Competition
2025-11-28 20:57:03,647 [[32mINFO[0m] TradingAgent: ✅ Agent initialized with 0 tracked positions
2025-11-28 20:57:03,648 [[32mINFO[0m] TradingAgent: 
~~~~~~~~~~~~~~~~~~~~~~~~~~~~~~~~~~~~~~~~~~~~~~~~~~
2025-11-28 20:57:03,648 [[32mINFO[0m] TradingAgent: 🔄 Trading cycle: 2025-11-28T15:27:03.648254+00:00
2025-11-28 20:57:06,575 [[32mINFO[0m] TradingAgent: 📊 Fetched market data for 9 tokens
2025-11-28 20:57:06,575 [[32mINFO[0m] TradingAgent: ============================================================
2025-11-28 20:57:06,576 [[32mINFO[0m] TradingAgent: 💰 Portfolio Value: $30,102.02
2025-11-28 20:57:06,576 [[32mINFO[0m] TradingAgent: 📊 Positions: 5/8
2025-11-28 20:57:06,576 [[32mINFO[0m] TradingAgent: 📈 Daily Trades: 0/3
2025-11-28 20:57:06,577 [[32mINFO[0m] TradingAgent: ----------------------------------------
2025-11-28 20:57:06,577 [[32mINFO[0m] TradingAgent:   ⚪ WBTC: $3.65 (+0.0%)
2025-11-28 20:57:06,578 [[32mINFO[0m] TradingAgent: ============================================================
2025-11-28 20:57:06,578 [[32mINFO[0m] TradingAgent: 🎯 Found 4 opportunities
2025-11-28 20:57:06,578 [[32mINFO[0m] TradingAgent: 📤 BUY: USDC → BONK
2025-11-28 20:57:06,579 [[32mINFO[0m] TradingAgent:    Amount: 450.089568 USDC ($450.00)
2025-11-28 20:57:06,579 [[32mINFO[0m] TradingAgent:    Signal: MOMENTUM | Conviction: HIGH
2025-11-28 20:57:06,580 [[32mINFO[0m] TradingAgent:    Reason: MOMENTUM: +4.52% change, score=1.1
2025-11-28 20:57:08,266 [[32mINFO[0m] TradingAgent: ✅ Trade executed successfully!
2025-11-28 20:57:08,266 [[32mINFO[0m] TradingAgent: 📍 New position: BONK @ $0.0000
2025-11-28 20:57:08,287 [[32mINFO[0m] TradingAgent:    Daily trades: 1/3
2025-11-28 21:02:08,306 [[32mINFO[0m] TradingAgent: 
~~~~~~~~~~~~~~~~~~~~~~~~~~~~~~~~~~~~~~~~~~~~~~~~~~
2025-11-28 21:02:08,306 [[32mINFO[0m] TradingAgent: 🔄 Trading cycle: 2025-11-28T15:32:08.306742+00:00
2025-11-28 21:02:10,565 [[32mINFO[0m] TradingAgent: 📊 Fetched market data for 9 tokens
2025-11-28 21:02:10,565 [[32mINFO[0m] TradingAgent: ============================================================
2025-11-28 21:02:10,566 [[32mINFO[0m] TradingAgent: 💰 Portfolio Value: $30,099.41
2025-11-28 21:02:10,566 [[32mINFO[0m] TradingAgent: 📊 Positions: 5/8
2025-11-28 21:02:10,566 [[32mINFO[0m] TradingAgent: 📈 Daily Trades: 1/3
2025-11-28 21:02:10,566 [[32mINFO[0m] TradingAgent: 🎯 Win Rate: 0.0% (0W/0L)
2025-11-28 21:02:10,566 [[32mINFO[0m] TradingAgent: 💵 Total PnL: $+0.00
2025-11-28 21:02:10,566 [[32mINFO[0m] TradingAgent: ----------------------------------------
2025-11-28 21:02:10,567 [[32mINFO[0m] TradingAgent:   ⚪ WBTC: $3.65 (+0.0%)
2025-11-28 21:02:10,567 [[32mINFO[0m] TradingAgent: ============================================================
2025-11-28 21:02:10,567 [[32mINFO[0m] TradingAgent: 🎯 Found 5 opportunities
2025-11-28 21:02:10,567 [[32mINFO[0m] TradingAgent: 📤 BUY: USDC → BONK
2025-11-28 21:02:10,567 [[32mINFO[0m] TradingAgent:    Amount: 450.127836 USDC ($450.00)
2025-11-28 21:02:10,568 [[32mINFO[0m] TradingAgent:    Signal: MOMENTUM | Conviction: HIGH
2025-11-28 21:02:10,568 [[32mINFO[0m] TradingAgent:    Reason: MOMENTUM: +4.85% change, score=1.2
2025-11-28 21:02:16,459 [[32mINFO[0m] TradingAgent: ✅ Trade executed successfully!
2025-11-28 21:02:16,459 [[32mINFO[0m] TradingAgent: 📍 Updated position: BONK (averaged in)
2025-11-28 21:02:16,479 [[32mINFO[0m] TradingAgent:    Daily trades: 2/3
2025-11-28 21:06:07,220 [[32mINFO[0m] TradingAgent: 🛑 Initiating shutdown...
2025-11-28 21:06:07,230 [[32mINFO[0m] TradingAgent: ✅ Shutdown complete
