2025-12-03 17:54:52,431 [[32mINFO[0m] TradingAgent: ✅ Recall API Client initialized (SANDBOX)
2025-12-03 17:54:52,431 [[32mINFO[0m] TradingAgent: 🤖 Trading Agent v3.0 initialized
2025-12-03 17:54:52,432 [[32mINFO[0m] TradingAgent: ================================================================================
2025-12-03 17:54:52,432 [[32mINFO[0m] TradingAgent: 🚀 ADVANCED PAPER TRADING AGENT v3.0 - PRODUCTION READY 🚀
2025-12-03 17:54:52,432 [[32mINFO[0m] TradingAgent: ================================================================================
2025-12-03 17:54:52,432 [[32mINFO[0m] TradingAgent:    Environment: SANDBOX
2025-12-03 17:54:52,433 [[32mINFO[0m] TradingAgent:    Strategy Mode: BALANCED
2025-12-03 17:54:52,433 [[32mINFO[0m] TradingAgent:    Adaptive Mode: ENABLED
2025-12-03 17:54:52,434 [[32mINFO[0m] TradingAgent:    Trading Interval: 300s
2025-12-03 17:54:52,434 [[32mINFO[0m] TradingAgent:    Max Positions: 8
2025-12-03 17:54:52,435 [[32mINFO[0m] TradingAgent:    Base Position Size: $300.0
2025-12-03 17:54:52,436 [[35mCRITICAL[0m] TradingAgent: 💀 Fatal error: 'TradingAgent' object has no attribute '_max_consecutive_errors'
2025-12-03 17:55:30,919 [[32mINFO[0m] TradingAgent: ✅ Recall API Client initialized (SANDBOX)
2025-12-03 17:55:30,920 [[32mINFO[0m] TradingAgent: 🤖 Trading Agent v3.0 initialized
2025-12-03 17:55:30,920 [[32mINFO[0m] TradingAgent: ================================================================================
2025-12-03 17:55:30,921 [[32mINFO[0m] TradingAgent: 🚀 ADVANCED PAPER TRADING AGENT v3.0 - PRODUCTION READY 🚀
2025-12-03 17:55:30,921 [[32mINFO[0m] TradingAgent: ================================================================================
2025-12-03 17:55:30,921 [[32mINFO[0m] TradingAgent:    Environment: SANDBOX
2025-12-03 17:55:30,922 [[32mINFO[0m] TradingAgent:    Strategy Mode: BALANCED
2025-12-03 17:55:30,922 [[32mINFO[0m] TradingAgent:    Adaptive Mode: ENABLED
2025-12-03 17:55:30,922 [[32mINFO[0m] TradingAgent:    Trading Interval: 300s
2025-12-03 17:55:30,922 [[32mINFO[0m] TradingAgent:    Max Positions: 8
2025-12-03 17:55:30,923 [[32mINFO[0m] TradingAgent:    Base Position Size: $300.0
2025-12-03 17:55:30,924 [[35mCRITICAL[0m] TradingAgent: 💀 Fatal error: 'TradingAgent' object has no attribute '_max_consecutive_errors'
2025-12-03 17:57:20,846 [[32mINFO[0m] TradingAgent: ✅ Recall API Client initialized (SANDBOX)
2025-12-03 17:57:20,847 [[32mINFO[0m] TradingAgent: 🤖 Trading Agent v3.0 initialized
2025-12-03 17:57:20,847 [[32mINFO[0m] TradingAgent: ================================================================================
2025-12-03 17:57:20,847 [[32mINFO[0m] TradingAgent: 🚀 ADVANCED PAPER TRADING AGENT v3.0 - PRODUCTION READY 🚀
2025-12-03 17:57:20,848 [[32mINFO[0m] TradingAgent: ================================================================================
2025-12-03 17:57:20,848 [[32mINFO[0m] TradingAgent:    Environment: SANDBOX
2025-12-03 17:57:20,848 [[32mINFO[0m] TradingAgent:    Strategy Mode: BALANCED
2025-12-03 17:57:20,848 [[32mINFO[0m] TradingAgent:    Adaptive Mode: ENABLED
2025-12-03 17:57:20,849 [[32mINFO[0m] TradingAgent:    Trading Interval: 300s
2025-12-03 17:57:20,849 [[32mINFO[0m] TradingAgent:    Max Positions: 8
2025-12-03 17:57:20,849 [[32mINFO[0m] TradingAgent:    Base Position Size: $300.0
2025-12-03 17:57:20,850 [[32mINFO[0m] TradingAgent:    Max Consecutive Errors: 5
2025-12-03 17:57:20,850 [[32mINFO[0m] TradingAgent: ================================================================================
2025-12-03 17:57:20,851 [[32mINFO[0m] TradingAgent: 💾 No state file found. Starting fresh.
2025-12-03 17:57:25,357 [[32mINFO[0m] TradingAgent: ✅ Selected competition: Sandbox fake Competition
2025-12-03 17:57:25,358 [[32mINFO[0m] TradingAgent: ✅ Agent initialized with 0 tracked positions
2025-12-03 17:57:25,358 [[32mINFO[0m] TradingAgent: 🛑 Initiating graceful shutdown...
2025-12-03 17:57:25,364 [[32mINFO[0m] TradingAgent: 💾 Final state saved
2025-12-03 17:57:25,366 [[32mINFO[0m] TradingAgent: 🔌 Connections closed
2025-12-03 17:57:25,366 [[32mINFO[0m] TradingAgent: ================================================================================
2025-12-03 17:57:25,367 [[32mINFO[0m] TradingAgent: 📊 FINAL SESSION STATISTICS
2025-12-03 17:57:25,367 [[32mINFO[0m] TradingAgent: ================================================================================
2025-12-03 17:57:25,367 [[32mINFO[0m] TradingAgent:    Total Trades: 0
2025-12-03 17:57:25,368 [[32mINFO[0m] TradingAgent:    Win Rate: 0.0%
2025-12-03 17:57:25,368 [[32mINFO[0m] TradingAgent:    Total P&L: $+0.00
2025-12-03 17:57:25,368 [[32mINFO[0m] TradingAgent:    Max Drawdown: 0.00%
2025-12-03 17:57:25,369 [[32mINFO[0m] TradingAgent: ================================================================================
2025-12-03 17:57:25,369 [[32mINFO[0m] TradingAgent: ✅ Shutdown complete
2025-12-03 17:57:25,370 [[35mCRITICAL[0m] TradingAgent: 💀 Fatal error: 'TradingAgent' object has no attribute '_cycle_lock'
2025-12-03 17:58:43,570 [[32mINFO[0m] TradingAgent: ✅ Recall API Client initialized (SANDBOX)
2025-12-03 17:58:43,571 [[32mINFO[0m] TradingAgent: 🤖 Trading Agent v3.0 initialized
2025-12-03 17:58:43,571 [[32mINFO[0m] TradingAgent: ================================================================================
2025-12-03 17:58:43,571 [[32mINFO[0m] TradingAgent: 🚀 ADVANCED PAPER TRADING AGENT v3.0 - PRODUCTION READY 🚀
2025-12-03 17:58:43,572 [[32mINFO[0m] TradingAgent: ================================================================================
2025-12-03 17:58:43,572 [[32mINFO[0m] TradingAgent:    Environment: SANDBOX
2025-12-03 17:58:43,572 [[32mINFO[0m] TradingAgent:    Strategy Mode: BALANCED
2025-12-03 17:58:43,573 [[32mINFO[0m] TradingAgent:    Adaptive Mode: ENABLED
2025-12-03 17:58:43,573 [[32mINFO[0m] TradingAgent:    Trading Interval: 300s
2025-12-03 17:58:43,573 [[32mINFO[0m] TradingAgent:    Max Positions: 8
2025-12-03 17:58:43,574 [[32mINFO[0m] TradingAgent:    Base Position Size: $300.0
2025-12-03 17:58:43,574 [[32mINFO[0m] TradingAgent:    Max Consecutive Errors: 5
2025-12-03 17:58:43,574 [[32mINFO[0m] TradingAgent: ================================================================================
2025-12-03 17:58:43,593 [[33mWARNING[0m] TradingAgent: ⚠️ Checksum mismatch in agent_state.json
2025-12-03 17:58:43,594 [[32mINFO[0m] TradingAgent: 💾 No state file found. Starting fresh.
2025-12-03 17:58:46,903 [[32mINFO[0m] TradingAgent: ✅ Selected competition: Sandbox fake Competition
2025-12-03 17:58:46,904 [[32mINFO[0m] TradingAgent: ✅ Agent initialized with 0 tracked positions
2025-12-03 17:58:46,904 [[32mINFO[0m] TradingAgent: 
~~~~~~~~~~~~~~~~~~~~~~~~~~~~~~~~~~~~~~~~~~~~~~~~~~~~~~~~~~~~~~~~~~~~~~
2025-12-03 17:58:46,904 [[32mINFO[0m] TradingAgent: 🔄 TRADING CYCLE: 2025-12-03 12:28:46 UTC
2025-12-03 17:58:46,905 [[32mINFO[0m] TradingAgent: ~~~~~~~~~~~~~~~~~~~~~~~~~~~~~~~~~~~~~~~~~~~~~~~~~~~~~~~~~~~~~~~~~~~~~~
2025-12-03 17:58:51,165 [[32mINFO[0m] TradingAgent: ✅ DexScreener fetched 15/16 tokens
2025-12-03 17:58:51,166 [[32mINFO[0m] TradingAgent: 📊 DexScreener stats: 15 tokens, 100.0% success rate
2025-12-03 17:58:51,168 [[32mINFO[0m] TradingAgent: 📍 Creating tracker for existing position: LINK
2025-12-03 17:58:51,168 [[32mINFO[0m] TradingAgent: 📍 Creating tracker for existing position: MKR
2025-12-03 17:58:51,169 [[32mINFO[0m] TradingAgent: 📍 Creating tracker for existing position: WBTC
2025-12-03 17:58:51,169 [[32mINFO[0m] TradingAgent: 📍 Creating tracker for existing position: PEPE
2025-12-03 17:58:51,170 [[32mINFO[0m] TradingAgent: 📍 Creating tracker for existing position: UNI
2025-12-03 17:58:51,170 [[32mINFO[0m] TradingAgent: 📍 Creating tracker for existing position: BONK
2025-12-03 17:58:51,170 [[32mINFO[0m] TradingAgent: 📍 Creating tracker for existing position: SHIB
2025-12-03 17:58:51,171 [[32mINFO[0m] TradingAgent: 📍 Creating tracker for existing position: BONK_SOLANA
2025-12-03 17:58:51,171 [[32mINFO[0m] TradingAgent: 📅 New trading day: 2025-12-03
2025-12-03 17:58:51,172 [[32mINFO[0m] TradingAgent: ======================================================================
2025-12-03 17:58:51,172 [[32mINFO[0m] TradingAgent: 💰 PORTFOLIO SUMMARY
2025-12-03 17:58:51,173 [[32mINFO[0m] TradingAgent: ======================================================================
2025-12-03 17:58:51,173 [[32mINFO[0m] TradingAgent:    Total Value: $29,840.74
2025-12-03 17:58:51,173 [[32mINFO[0m] TradingAgent:    Active Positions: 8/8
2025-12-03 17:58:51,174 [[32mINFO[0m] TradingAgent:    Daily Trades: 0/3
2025-12-03 17:58:51,174 [[32mINFO[0m] TradingAgent:    Daily P&L: 📈 +0.00% ($+0.00)
2025-12-03 17:58:51,174 [[32mINFO[0m] TradingAgent:    Market Regime: BULL
2025-12-03 17:58:51,174 [[32mINFO[0m] TradingAgent:    Market Volatility: 3.75%
2025-12-03 17:58:51,175 [[32mINFO[0m] TradingAgent: ----------------------------------------------------------------------
2025-12-03 17:58:51,175 [[32mINFO[0m] TradingAgent: 📋 POSITIONS
2025-12-03 17:58:51,175 [[32mINFO[0m] TradingAgent:    🟡 BONK         | $  3,811.62 ( 12.8%) | P&L:   +0.00% | Entry: $0.0000
2025-12-03 17:58:51,176 [[32mINFO[0m] TradingAgent:    🟡 MKR          | $    920.82 (  3.1%) | P&L:   +0.00% | Entry: $1322.2900
2025-12-03 17:58:51,176 [[32mINFO[0m] TradingAgent:    🟡 LINK         | $    462.81 (  1.6%) | P&L:   +0.00% | Entry: $14.4700
2025-12-03 17:58:51,176 [[32mINFO[0m] TradingAgent:    🟡 PEPE         | $    461.84 (  1.5%) | P&L:   +0.00% | Entry: $0.0000
2025-12-03 17:58:51,177 [[32mINFO[0m] TradingAgent:    🟡 BONK_SOLANA  | $    448.21 (  1.5%) | P&L:   +0.00% | Entry: $0.0000
2025-12-03 17:58:51,177 [[32mINFO[0m] TradingAgent:    🟡 SHIB         | $    226.98 (  0.8%) | P&L:   +0.00% | Entry: $0.0000
2025-12-03 17:58:51,178 [[32mINFO[0m] TradingAgent:    🟡 UNI          | $      7.91 (  0.0%) | P&L:   +0.00% | Entry: $6.0570
2025-12-03 17:58:51,178 [[32mINFO[0m] TradingAgent:    🟡 WBTC         | $      3.66 (  0.0%) | P&L:   +0.00% | Entry: $92799.9300
2025-12-03 17:58:51,178 [[32mINFO[0m] TradingAgent: ----------------------------------------------------------------------
2025-12-03 17:58:51,178 [[32mINFO[0m] TradingAgent: 💵 STABLECOINS (Available for Trading)
2025-12-03 17:58:51,179 [[32mINFO[0m] TradingAgent:    💵 USDC         | $ 23,483.43 ( 78.7%) | Ethereum   | 23,492.825134
2025-12-03 17:58:51,179 [[32mINFO[0m] TradingAgent:    💵 USDBC_BASE   | $      0.13 (  0.0%) | Base       | 0.125000
2025-12-03 17:58:51,179 [[32mINFO[0m] TradingAgent:    💵 USDC_POLYGON | $      0.12 (  0.0%) | Polygon    | 0.125000
2025-12-03 17:58:51,180 [[32mINFO[0m] TradingAgent:    💵 USDC_SOLANA  | $      0.12 (  0.0%) | Solana     | 0.125000
2025-12-03 17:58:51,180 [[32mINFO[0m] TradingAgent:    💵 USDC_OPTIMISM | $      0.12 (  0.0%) | Optimism   | 0.125000
2025-12-03 17:58:51,181 [[32mINFO[0m] TradingAgent:    💵 USDC_ARBITRUM | $      0.12 (  0.0%) | Arbitrum   | 0.125000
2025-12-03 17:58:51,181 [[32mINFO[0m] TradingAgent:    ──────────────────────────────────────────────────────────────────
2025-12-03 17:58:51,181 [[32mINFO[0m] TradingAgent:    TOTAL USDC   | $ 23,484.05 | Available across all chains
2025-12-03 17:58:51,181 [[32mINFO[0m] TradingAgent: ======================================================================
2025-12-03 17:58:51,182 [[32mINFO[0m] TradingAgent: ----------------------------------------------------------------------
2025-12-03 17:58:51,182 [[32mINFO[0m] TradingAgent: 📈 MARKET OVERVIEW (Top Movers)
2025-12-03 17:58:51,182 [[32mINFO[0m] TradingAgent:    🚀 LINK   | $     14.4700 |  +18.62% | Vol: 0.10
2025-12-03 17:58:51,183 [[32mINFO[0m] TradingAgent:    🚀 PEPE   | $      0.0000 |  +17.26% | Vol: 0.10
2025-12-03 17:58:51,183 [[32mINFO[0m] TradingAgent:    🚀 BONK   | $      0.0000 |  +14.32% | Vol: 0.10
2025-12-03 17:58:51,183 [[32mINFO[0m] TradingAgent:    🚀 AAVE   | $    192.5300 |  +13.40% | Vol: 0.10
2025-12-03 17:58:51,184 [[32mINFO[0m] TradingAgent:    🚀 BONK_SOLANA | $      0.0000 |  +11.38% | Vol: 0.10
2025-12-03 17:58:51,184 [[32mINFO[0m] TradingAgent:    🚀 FLOKI  | $      0.0000 |  +11.05% | Vol: 0.10
2025-12-03 17:58:51,184 [[32mINFO[0m] TradingAgent: 🔍 Analyzing 15 tokens for opportunities...
2025-12-03 17:58:51,185 [[32mINFO[0m] TradingAgent:    Adaptive thresholds: vol_surge=0.20, momentum=0.8%, mean_rev=-2.1%
2025-12-03 17:58:51,185 [[32mINFO[0m] TradingAgent:    ✅ WETH: MOMENTUM opportunity, score=1.45, conviction=HIGH
2025-12-03 17:58:51,185 [[32mINFO[0m] TradingAgent:    ✅ LINK: MOMENTUM opportunity, score=3.05, conviction=HIGH
2025-12-03 17:58:51,186 [[32mINFO[0m] TradingAgent:    ✅ UNI: MOMENTUM opportunity, score=1.58, conviction=HIGH
2025-12-03 17:58:51,187 [[32mINFO[0m] TradingAgent:    ✅ AAVE: MOMENTUM opportunity, score=2.19, conviction=HIGH
2025-12-03 17:58:51,187 [[32mINFO[0m] TradingAgent:    ✅ SNX: MOMENTUM opportunity, score=1.33, conviction=HIGH
2025-12-03 17:58:51,188 [[32mINFO[0m] TradingAgent:    ✅ MKR: MOMENTUM opportunity, score=0.46, conviction=MEDIUM
2025-12-03 17:58:51,188 [[32mINFO[0m] TradingAgent:    ✅ PEPE: MOMENTUM opportunity, score=2.83, conviction=HIGH
2025-12-03 17:58:51,189 [[32mINFO[0m] TradingAgent:    ✅ SHIB: MOMENTUM opportunity, score=1.78, conviction=HIGH
2025-12-03 17:58:51,189 [[32mINFO[0m] TradingAgent:    ✅ BONK: MOMENTUM opportunity, score=2.35, conviction=HIGH
2025-12-03 17:58:51,189 [[32mINFO[0m] TradingAgent:    ✅ FLOKI: MOMENTUM opportunity, score=1.81, conviction=HIGH
2025-12-03 17:58:51,190 [[32mINFO[0m] TradingAgent:    ✅ WETH_POLYGON: MOMENTUM opportunity, score=1.44, conviction=HIGH
2025-12-03 17:58:51,190 [[32mINFO[0m] TradingAgent:    ✅ WETH_ARBITRUM: MOMENTUM opportunity, score=1.48, conviction=HIGH
2025-12-03 17:58:51,191 [[32mINFO[0m] TradingAgent:    ✅ WETH_BASE: MOMENTUM opportunity, score=1.48, conviction=HIGH
2025-12-03 17:58:51,191 [[32mINFO[0m] TradingAgent:    ✅ SOL: MOMENTUM opportunity, score=1.66, conviction=HIGH
2025-12-03 17:58:51,191 [[32mINFO[0m] TradingAgent:    ✅ BONK_SOLANA: MOMENTUM opportunity, score=1.86, conviction=HIGH
2025-12-03 17:58:51,192 [[32mINFO[0m] TradingAgent: 🎯 Found 15 total opportunities, returning top 5
2025-12-03 17:58:51,192 [[32mINFO[0m] TradingAgent: 
🎯 TOP OPPORTUNITIES:
2025-12-03 17:58:51,192 [[32mINFO[0m] TradingAgent:    1. LINK   | Score:   3.05 | MOMENTUM        | HIGH   | +18.62%
2025-12-03 17:58:51,193 [[32mINFO[0m] TradingAgent:    2. PEPE   | Score:   2.83 | MOMENTUM        | HIGH   | +17.26%
2025-12-03 17:58:51,193 [[32mINFO[0m] TradingAgent:    3. BONK   | Score:   2.35 | MOMENTUM        | HIGH   | +14.32%
2025-12-03 17:58:51,193 [[32mINFO[0m] TradingAgent:    4. AAVE   | Score:   2.19 | MOMENTUM        | HIGH   | +13.40%
2025-12-03 17:58:51,194 [[32mINFO[0m] TradingAgent:    5. BONK_SOLANA | Score:   1.86 | MOMENTUM        | HIGH   | +11.38%
2025-12-03 17:58:51,194 [[32mINFO[0m] TradingAgent: ⸻ HOLD: 📊 Max positions (8) reached
2025-12-03 17:58:51,194 [[32mINFO[0m] TradingAgent: 
⏱️ Cycle completed in 4.29s
2025-12-03 17:59:52,459 [[32mINFO[0m] TradingAgent: 🛑 Initiating graceful shutdown...
2025-12-03 17:59:52,461 [[31mERROR[0m] TradingAgent: ❌ Failed to save final state: sequence index must be integer, not 'slice'
2025-12-03 17:59:52,462 [[32mINFO[0m] TradingAgent: 🔌 Connections closed
2025-12-03 17:59:52,462 [[32mINFO[0m] TradingAgent: ================================================================================
2025-12-03 17:59:52,462 [[32mINFO[0m] TradingAgent: 📊 FINAL SESSION STATISTICS
2025-12-03 17:59:52,463 [[32mINFO[0m] TradingAgent: ================================================================================
2025-12-03 17:59:52,463 [[32mINFO[0m] TradingAgent:    Total Trades: 0
2025-12-03 17:59:52,463 [[32mINFO[0m] TradingAgent:    Win Rate: 0.0%
2025-12-03 17:59:52,463 [[32mINFO[0m] TradingAgent:    Total P&L: $+0.00
2025-12-03 17:59:52,464 [[32mINFO[0m] TradingAgent:    Max Drawdown: 0.00%
2025-12-03 17:59:52,464 [[32mINFO[0m] TradingAgent: ================================================================================
2025-12-03 17:59:52,464 [[32mINFO[0m] TradingAgent: ✅ Shutdown complete
